<?xml version="1.0" encoding="UTF-8"?>
<testsuite name="com.example.demo.ApiRestTests" tests="1" skipped="0" failures="0" errors="0" timestamp="2023-10-03T16:00:26" hostname="DESKTOP-ANLNVVP" time="0.899">
  <properties/>
  <testcase name="contextLoads()" classname="com.example.demo.ApiRestTests" time="0.899"/>
  <system-out><![CDATA[13:00:12.167 [Test worker] INFO org.springframework.test.context.support.AnnotationConfigContextLoaderUtils -- Could not detect default configuration classes for test class [com.example.demo.ApiRestTests]: ApiRestTests does not declare any static, non-private, non-final, nested classes annotated with @Configuration.
13:00:12.419 [Test worker] INFO org.springframework.boot.test.context.SpringBootTestContextBootstrapper -- Found @SpringBootConfiguration com.example.demo.ApiRest for test class com.example.demo.ApiRestTests

  .   ____          _            __ _ _
 /\\ / ___'_ __ _ _(_)_ __  __ _ \ \ \ \
( ( )\___ | '_ | '_| | '_ \/ _` | \ \ \ \
 \\/  ___)| |_)| | | | | || (_| |  ) ) ) )
  '  |____| .__|_| |_|_| |_\__, | / / / /
 =========|_|==============|___/=/_/_/_/
 :: Spring Boot ::                (v3.1.4)

2023-10-03T13:00:13.432-03:00  INFO 5492 --- [    Test worker] com.example.demo.ApiRestTests            : Starting ApiRestTests using Java 17.0.8 with PID 5492 (started by Gonza in C:\Users\Gonza\OneDrive\UTN\3º\Segundo Semestre\Desarrollo de Software\BackEnd\Trabajo Practico API\demo)
2023-10-03T13:00:13.434-03:00  INFO 5492 --- [    Test worker] com.example.demo.ApiRestTests            : No active profile set, falling back to 1 default profile: "default"
2023-10-03T13:00:15.650-03:00  INFO 5492 --- [    Test worker] .s.d.r.c.RepositoryConfigurationDelegate : Bootstrapping Spring Data JPA repositories in DEFAULT mode.
2023-10-03T13:00:15.813-03:00  INFO 5492 --- [    Test worker] .s.d.r.c.RepositoryConfigurationDelegate : Finished Spring Data repository scanning in 151 ms. Found 5 JPA repository interfaces.
2023-10-03T13:00:17.340-03:00  INFO 5492 --- [    Test worker] o.hibernate.jpa.internal.util.LogHelper  : HHH000204: Processing PersistenceUnitInfo [name: default]
2023-10-03T13:00:17.581-03:00  INFO 5492 --- [    Test worker] org.hibernate.Version                    : HHH000412: Hibernate ORM core version 6.2.9.Final
2023-10-03T13:00:17.585-03:00  INFO 5492 --- [    Test worker] org.hibernate.cfg.Environment            : HHH000406: Using bytecode reflection optimizer
2023-10-03T13:00:17.894-03:00  INFO 5492 --- [    Test worker] o.h.b.i.BytecodeProviderInitiator        : HHH000021: Bytecode provider name : bytebuddy
2023-10-03T13:00:18.305-03:00  INFO 5492 --- [    Test worker] o.s.o.j.p.SpringPersistenceUnitInfo      : No LoadTimeWeaver setup: ignoring JPA class transformer
2023-10-03T13:00:18.335-03:00  INFO 5492 --- [    Test worker] com.zaxxer.hikari.HikariDataSource       : HikariPool-1 - Starting...
2023-10-03T13:00:18.834-03:00  INFO 5492 --- [    Test worker] com.zaxxer.hikari.pool.HikariPool        : HikariPool-1 - Added connection conn0: url=jdbc:h2:file:./data/myDB2 user=SA
2023-10-03T13:00:18.839-03:00  INFO 5492 --- [    Test worker] com.zaxxer.hikari.HikariDataSource       : HikariPool-1 - Start completed.
2023-10-03T13:00:19.828-03:00  INFO 5492 --- [    Test worker] o.h.b.i.BytecodeProviderInitiator        : HHH000021: Bytecode provider name : bytebuddy
2023-10-03T13:00:21.469-03:00  INFO 5492 --- [    Test worker] o.h.e.t.j.p.i.JtaPlatformInitiator       : HHH000490: Using JtaPlatform implementation: [org.hibernate.engine.transaction.jta.platform.internal.NoJtaPlatform]
2023-10-03T13:00:21.566-03:00  INFO 5492 --- [    Test worker] j.LocalContainerEntityManagerFactoryBean : Initialized JPA EntityManagerFactory for persistence unit 'default'
2023-10-03T13:00:23.965-03:00  WARN 5492 --- [    Test worker] JpaBaseConfiguration$JpaWebConfiguration : spring.jpa.open-in-view is enabled by default. Therefore, database queries may be performed during view rendering. Explicitly configure spring.jpa.open-in-view to disable this warning
2023-10-03T13:00:26.211-03:00  INFO 5492 --- [    Test worker] o.s.b.a.h2.H2ConsoleAutoConfiguration    : H2 console available at '/h2-console'. Database available at 'jdbc:h2:file:./data/myDB2'
2023-10-03T13:00:26.433-03:00  INFO 5492 --- [    Test worker] com.example.demo.ApiRestTests            : Started ApiRestTests in 13.536 seconds (process running for 16.722)
]]></system-out>
  <system-err><![CDATA[]]></system-err>
</testsuite>
